"../../../../../../Repros/LaFrans/Project/Content/Assets/Meshes/Window/MM_PoliceWIndow.uasset" 0
"../../../../../../Repros/LaFrans/Project/Content/Assets/Meshes/Window/MM_TrainWindow.uasset" 1
"../../../../../../Repros/LaFrans/Project/Content/Audio/SND_Bell.uasset" 2
"../../../Engine/Content/Functions/Engine_MaterialFunctions01/Opacity/CameraDepthFade.uasset" 3
"../../../Engine/Content/EngineMaterials/T_Default_Material_Grid_M.uasset" 4
"../../../Engine/Content/EngineMaterials/T_Default_Material_Grid_N.uasset" 5
"../../../Engine/Content/EngineMaterials/WorldGridMaterial.uasset" 6
"../../../Engine/Content/ArtTools/RenderToTexture/Meshes/S_1_Unit_Plane.uasset" 7
"../../../Engine/Content/EngineMaterials/DefaultMaterial.uasset" 8
"../../../Engine/Content/BasicShapes/Cone.uasset" 9
"../../../Engine/Content/BasicShapes/Cube.uasset" 10
"../../../Engine/Content/BasicShapes/Cylinder.uasset" 11
"../../../Engine/Content/EditorLandscapeResources/DataLayer.uasset" 12
"../../../Engine/Content/EditorMaterials/GizmoMaterial.uasset" 13
"../../../Engine/Content/EditorMaterials/MAT_Groups_Toggle.uasset" 14
"../../../Engine/Content/EditorMaterials/MAT_Groups_Visibility.uasset" 15
"../../../Engine/Content/EditorMaterials/PreviewShadowIndicator.uasset" 16
"../../../Engine/Content/EditorMaterials/PreviewShadowIndicatorMaterial.uasset" 17
"../../../Engine/Content/EditorMaterials/MatineeGroups/MAT_ColorTrack.uasset" 18
"../../../Engine/Content/EditorMaterials/MatineeGroups/MAT_Groups_Anim.uasset" 19
"../../../Engine/Content/EditorMaterials/MatineeGroups/MAT_Groups_AudioMaster.uasset" 20
"../../../Engine/Content/EditorMaterials/MatineeGroups/MAT_Groups_Director.uasset" 21
"../../../Engine/Content/EditorMaterials/MatineeGroups/MAT_Groups_Event.uasset" 22
"../../../Engine/Content/EditorMaterials/MatineeGroups/MAT_Groups_Fade.uasset" 23
"../../../Engine/Content/EditorMaterials/MatineeGroups/MAT_Groups_Float.uasset" 24
"../../../Engine/Content/EditorMaterials/MatineeGroups/MAT_Groups_Move.uasset" 25
"../../../Engine/Content/EditorMaterials/MatineeGroups/MAT_Groups_Slomo.uasset" 26
"../../../Engine/Content/EditorMaterials/MatineeGroups/MAT_Groups_Sound.uasset" 27
"../../../Engine/Content/EditorMaterials/MatineeGroups/MAT_Groups_Vector.uasset" 28
"../../../Engine/Content/EditorMaterials/ParticleSystems/PSysThumbnail_NoImage.uasset" 29
"../../../Engine/Content/EditorMaterials/ParticleSystems/PSysThumbnail_OOD.uasset" 30
"../../../Engine/Content/EditorMaterials/Camera/CineMat.uasset" 31
"../../../Engine/Content/EditorMaterials/Camera/MI_CineMat_Rig.uasset" 32
"../../../Engine/Content/EditorMeshes/Camera/SM_CraneRig_Arm.uasset" 33
"../../../Engine/Content/EditorMeshes/Camera/SM_CraneRig_Base.uasset" 34
"../../../Engine/Content/EditorMeshes/Camera/SM_CraneRig_Body.uasset" 35
"../../../Engine/Content/EditorMeshes/Camera/SM_CraneRig_Mount.uasset" 36
"../../../Engine/Content/EditorMeshes/Camera/SM_RailRig_Mount.uasset" 37
"../../../Engine/Content/EditorMeshes/Camera/SM_RailRig_Track.uasset" 38
"../../../Engine/Content/EditorResources/BSPVertex.uasset" 39
"../../../Engine/Content/EditorResources/EmptyActor.uasset" 40
"../../../Engine/Content/EditorResources/S_Actor.uasset" 41
"../../../Engine/Content/EditorResources/S_Trigger.uasset" 42
"../../../Engine/Content/EditorResources/LightIcons/S_LightError.uasset" 43
"../../../Engine/Content/EditorResources/SequenceRecorder/Countdown.uasset" 44
"../../../Engine/Content/EditorResources/SequenceRecorder/RecordingIndicator.uasset" 45
"../../../Engine/Content/EditorSounds/Notifications/CompileFailed.uasset" 46
"../../../Engine/Content/EditorSounds/Notifications/CompileFailed_Cue.uasset" 47
"../../../Engine/Content/EditorSounds/Notifications/CompileSuccess.uasset" 48
"../../../Engine/Content/EditorSounds/Notifications/CompileStart_Cue.uasset" 49
"../../../Engine/Content/EditorSounds/Notifications/CompileSuccess_Cue.uasset" 50
"../../../Engine/Content/EngineDamageTypes/DmgTypeBP_Environmental.uasset" 51
"../../../Engine/Content/EngineDebugMaterials/HeatmapGradient.uasset" 52
"../../../Engine/Content/EngineDebugMaterials/BoneWeightMaterial.uasset" 53
"../../../Engine/Content/EngineDebugMaterials/ClothMaterial.uasset" 54
"../../../Engine/Content/EngineDebugMaterials/ClothMaterial_WF.uasset" 55
"../../../Engine/Content/EngineDebugMaterials/DebugEditorMaterial.uasset" 56
"../../../Engine/Content/EngineDebugMaterials/DebugMeshMaterial.uasset" 57
"../../../Engine/Content/EngineDebugMaterials/GeomMaterial.uasset" 58
"../../../Engine/Content/EngineDebugMaterials/M_SimpleTranslucent.uasset" 59
"../../../Engine/Content/EngineFonts/Faces/RobotoBold.uasset" 60
"../../../Engine/Content/EngineFonts/Faces/RobotoBoldItalic.uasset" 61
"../../../Engine/Content/EngineFonts/Faces/RobotoItalic.uasset" 62
"../../../Engine/Content/EngineFonts/Faces/RobotoLight.uasset" 63
"../../../Engine/Content/EngineFonts/Faces/RobotoRegular.uasset" 64
"../../../Engine/Content/EngineFonts/Roboto.uasset" 65
"../../../Engine/Content/EngineFonts/Faces/RobotoTiny.uasset" 66
"../../../Engine/Content/EngineFonts/RobotoTiny.uasset" 67
"../../../Engine/Content/EngineMaterials/BaseFlattenDiffuseMap.uasset" 68
"../../../Engine/Content/EngineMaterials/BaseFlattenEmissiveMap.uasset" 69
"../../../Engine/Content/EngineMaterials/BaseFlattenGrayscaleMap.uasset" 70
"../../../Engine/Content/EngineMaterials/BaseFlattenNormalMap.uasset" 71
"../../../Engine/Content/EngineMaterials/BaseFlattenMaterial.uasset" 72
"../../../Engine/Content/EngineMaterials/DefaultBloomKernel.uasset" 73
"../../../Engine/Content/EngineMaterials/DefaultBokeh.uasset" 74
"../../../Engine/Content/EngineMaterials/DefaultDiffuse.uasset" 75
"../../../Engine/Content/EngineMaterials/DefaultDeferredDecalMaterial.uasset" 76
"../../../Engine/Content/EngineMaterials/DefaultLightFunctionMaterial.uasset" 77
"../../../Engine/Content/EngineMaterials/DefaultPhysicalMaterial.uasset" 78
"../../../Engine/Content/Functions/Engine_MaterialFunctions02/Utility/BreakOutFloat2Components.uasset" 79
"../../../Engine/Content/EngineMaterials/DefaultPostProcessMaterial.uasset" 80
"../../../Engine/Content/EngineFonts/RobotoDistanceField.uasset" 81
"../../../Engine/Content/EngineMaterials/DefaultTextMaterialOpaque.uasset" 82
"../../../Engine/Content/EngineMaterials/DefaultWhiteGrid.uasset" 83
"../../../Engine/Content/EngineMaterials/EditorBrushMaterial.uasset" 84
"../../../Engine/Content/EngineMaterials/Good64x64TilingNoiseHighFreq.uasset" 85
"../../../Engine/Content/EngineMaterials/MiniFont.uasset" 86
"../../../Engine/Content/EngineMaterials/InvalidLightmapSettings.uasset" 87
"../../../Engine/Content/EngineMaterials/M_InvalidLightmapSettings.uasset" 88
"../../../Engine/Content/Functions/Engine_MaterialFunctions02/WorldPositionOffset/CameraOffset.uasset" 89
"../../../Engine/Content/EngineMaterials/PhAT_JointLimitMaterial.uasset" 90
"../../../Engine/Content/EngineMaterials/PreintegratedSkinBRDF.uasset" 91
"../../../Engine/Content/EngineMaterials/RemoveSurfaceMaterial.uasset" 92
"../../../Engine/Content/EngineMaterials/WeightMapPlaceholderTexture.uasset" 93
"../../../Engine/Content/EngineResources/WhiteSquareTexture.uasset" 94
"../../../Engine/Content/EngineMaterials/Widget3DPassThrough.uasset" 95
"../../../Engine/Content/EngineMaterials/Widget3DPassThrough_Masked.uasset" 96
"../../../Engine/Content/EngineMaterials/Widget3DPassThrough_Opaque.uasset" 97
"../../../Engine/Content/EngineMaterials/Widget3DPassThrough_Masked_OneSided.uasset" 98
"../../../Engine/Content/EngineMaterials/Widget3DPassThrough_Opaque_OneSided.uasset" 99
"../../../Engine/Content/EngineMaterials/Widget3DPassThrough_Translucent.uasset" 100
"../../../Engine/Content/EngineMaterials/Widget3DPassThrough_Translucent_OneSided.uasset" 101
"../../../Engine/Content/EngineMeshes/Cylinder.uasset" 102
"../../../Engine/Content/EngineMeshes/Sphere.uasset" 103
"../../../Engine/Content/EngineResources/Black.uasset" 104
"../../../Engine/Content/EngineResources/DefaultTexture.uasset" 105
"../../../Engine/Content/EngineResources/DefaultTextureCube.uasset" 106
"../../../Engine/Content/EngineResources/DefaultVolumeTexture2D.uasset" 107
"../../../Engine/Content/EngineResources/DefaultVolumeTexture.uasset" 108
"../../../Engine/Content/EngineResources/GradientTexture0.uasset" 109
"../../../Engine/Content/EngineSounds/Master.uasset" 110
"../../../Engine/Content/Functions/Engine_MaterialFunctions01/Shading/ConvertFromDiffSpec.uasset" 111
"../../../Engine/Content/Functions/Engine_MaterialFunctions01/Shading/PowerToRoughness.uasset" 112
"../../../Engine/Content/Maps/Templates/Thumbnails/Default.uasset" 113
"../../../Engine/Content/Maps/Templates/Thumbnails/VR-Basic.uasset" 114
"../../../Engine/Content/MobileResources/T_MobileControls_texture.uasset" 115
"../../../Engine/Content/MobileResources/T_MobileMenu2.uasset" 116
"../../../Engine/Content/MobileResources/HUD/AnalogHat.uasset" 117
"../../../Engine/Content/MobileResources/HUD/VirtualJoystick_Background.uasset" 118
"../../../Engine/Content/MobileResources/HUD/VirtualJoystick_Thumb.uasset" 119
"../../../Engine/Content/MobileResources/HUD/DefaultVirtualJoysticks.uasset" 120
"../../../Engine/Content/MobileResources/HUD/LeftVirtualJoystickOnly.uasset" 121
"../../../Engine/Content/MobileResources/HUD/MobileHUDButton1_off.uasset" 122
"../../../Engine/Content/MobileResources/HUD/MobileHUDButton1_on.uasset" 123
"../../../Engine/Content/MobileResources/HUD/MobileHUDButton2_off.uasset" 124
"../../../Engine/Content/MobileResources/HUD/MobileHUDButton2_on.uasset" 125
"../../../Engine/Content/MobileResources/HUD/MobileHUDButton3.uasset" 126
"../../../Engine/Content/MobileResources/HUD/MobileHUDButtonFire.uasset" 127
"../../../Engine/Content/MobileResources/HUD/MobileHUDDirectionPad.uasset" 128
"../../../Engine/Content/MobileResources/HUD/MobileHUDDirectionPad2.uasset" 129
"../../../Engine/Content/MobileResources/HUD/MobileHUDDirectionPad3.uasset" 130
"../../../Engine/Content/MobileResources/HUD/MobileHUDDirectionStick.uasset" 131
"../../../Engine/Content/MobileResources/HUD/T_Castle_ThumbstickInner.uasset" 132
"../../../Engine/Content/MobileResources/HUD/T_Castle_ThumbstickOutter.uasset" 133
"../../../Engine/Content/Tutorial/ContentIntroCurve.uasset" 134
"../../../Engine/Content/Tutorial/Basics/TutorialAssets/icon_tab_Levels_40x.uasset" 135
"../../../Engine/Content/VREditor/LaserPointer/VR_LaserPower_01.uasset" 136
"../../../Engine/Content/VREditor/TransformGizmo/TransformGizmoMaterial.uasset" 137
"../../../Engine/Content/VREditor/TransformGizmo/TranslucentTransformGizmoMaterial.uasset" 138
"../../../Engine/Content/VREditor/TransformGizmo/BoundingBoxCorner.uasset" 139
"../../../Engine/Content/VREditor/TransformGizmo/BoundingBoxEdge.uasset" 140
"../../../Engine/Content/VREditor/TransformGizmo/PlaneTranslationHandle.uasset" 141
"../../../Engine/Content/VREditor/TransformGizmo/Main.uasset" 142
"../../../Engine/Content/VREditor/TransformGizmo/Xray.uasset" 143
"../../../Engine/Content/VREditor/TransformGizmo/SM_Sequencer_Key.uasset" 144
"../../../Engine/Content/VREditor/TransformGizmo/SM_Sequencer_Node.uasset" 145
"../../Plugins/2D/Paper2D/Content/PlaceholderTextures/DummySpriteTexture.uasset" 146
"../../Plugins/2D/Paper2D/Content/DummySprite.uasset" 147
"../../Plugins/2D/Paper2D/Content/DefaultPaperTerrainMaterial.uasset" 148
"../../Plugins/2D/Paper2D/Content/DefaultSpriteMaterial.uasset" 149
"../../Plugins/2D/Paper2D/Content/MaskedUnlitSpriteMaterial.uasset" 150
"../../Plugins/2D/Paper2D/Content/OpaqueUnlitSpriteMaterial.uasset" 151
"../../Plugins/Runtime/Oculus/OculusVR/Content/Materials/PokeAHoleMaterial.uasset" 152
"../../Plugins/Runtime/Oculus/OculusVR/Content/Textures/GearVRController_AO.uasset" 153
"../../Plugins/Runtime/Oculus/OculusVR/Content/Textures/GearVRController_Color.uasset" 154
"../../Plugins/Runtime/Oculus/OculusVR/Content/Textures/GearVRController_Normal.uasset" 155
"../../Plugins/Runtime/Oculus/OculusVR/Content/Materials/GearVRControllerMaterial.uasset" 156
"../../Plugins/Runtime/Oculus/OculusVR/Content/Meshes/GearVrController.uasset" 157
"../../Plugins/Runtime/Oculus/OculusVR/Content/Textures/touchController_albedo.uasset" 158
"../../Plugins/Runtime/Oculus/OculusVR/Content/Textures/touchController_controlmap.uasset" 159
"../../Plugins/Runtime/Oculus/OculusVR/Content/Materials/touchController_mat.uasset" 160
"../../Plugins/Runtime/Oculus/OculusVR/Content/Meshes/LeftTouchController.uasset" 161
"../../Plugins/Runtime/Oculus/OculusVR/Content/Meshes/RiftHMD.uasset" 162
"../../Plugins/Runtime/Oculus/OculusVR/Content/Meshes/RightTouchController.uasset" 163
"../../../Engine/Content/EditorBlueprintResources/StandardMacros.uasset" 164
"../../../Engine/Content/EngineSky/C_Sky_Cloud_Color.uasset" 165
"../../../Engine/Content/EngineSky/C_Sky_Horizon_Color.uasset" 166
"../../../Engine/Content/EngineSky/C_Sky_Zenith_Color.uasset" 167
"../../../Engine/Content/EngineSky/T_Sky_Blue.uasset" 168
"../../../Engine/Content/EngineSky/T_Sky_Clouds_M.uasset" 169
"../../../Engine/Content/EngineSky/T_Sky_Stars.uasset" 170
"../../../Engine/Content/EngineSky/M_Sky_Panning_Clouds2.uasset" 171
"../../../Engine/Content/EngineSky/SM_SkySphere.uasset" 172
"../../../Engine/Content/EngineSky/BP_Sky_Sphere.uasset" 173
"../../../../../../Repros/LaFrans/Project/Content/Assets/Textures/T_Default.uasset" 174
"../../../../../../Repros/LaFrans/Project/Content/Assets/Materials/MM_Default.uasset" 175
"../../../Engine/Content/BasicShapes/Sphere.uasset" 176
"../../../../../../Repros/LaFrans/Project/Content/Audio/SND_BabyHit.uasset" 177
"../../../../../../Repros/LaFrans/Project/Content/Audio/SND_DadBurp.uasset" 178
"../../../../../../Repros/LaFrans/Project/Content/Audio/SND_DaughterScream.uasset" 179
"../../../../../../Repros/LaFrans/Project/Content/Audio/SND_Explosion.uasset" 180
"../../../../../../Repros/LaFrans/Project/Content/Audio/SND_Fart.uasset" 181
"../../../../../../Repros/LaFrans/Project/Content/Audio/SND_MotherCough.uasset" 182
"../../../Engine/Content/Functions/Engine_MaterialFunctions02/Utility/MakeFloat3.uasset" 183
"../../../../../../Repros/LaFrans/Project/Content/Particles/EnemyExplosion.uasset" 184
"../../../../../../Repros/LaFrans/Project/Content/Particles/MM_ExplosionHeat.uasset" 185
"../../../../../../Repros/LaFrans/Project/Content/Particles/Shard.uasset" 186
"../../../../../../Repros/LaFrans/Project/Content/Particles/MM_ExplosionShards.uasset" 187
"../../../../../../Repros/LaFrans/Project/Content/Particles/MM_ExplosionShockwave.uasset" 188
"../../../../../../Repros/LaFrans/Project/Content/Particles/P_Explosion.uasset" 189
"../../../../../../Repros/LaFrans/Project/Content/Player/ENUM_CharacterType.uasset" 190
"../../../../../../Repros/LaFrans/Project/Content/Player/BP_Bomb.uasset" 191
"../../../../../../Repros/LaFrans/Project/Content/Player/BP_PlayerController.uasset" 192
"../../../../../../Repros/LaFrans/Project/Content/Assets/Shapes/SM_Cube_100x100.uasset" 193
"../../../../../../Repros/LaFrans/Project/Content/Player/ENUM_PlayerState.uasset" 194
"../../../../../../Repros/LaFrans/Project/Content/Player/BP_Player.uasset" 195
"../../../../../../Repros/LaFrans/Project/Content/Audio/SND_CityAmbience.uasset" 196
"../../../../../../Repros/LaFrans/Project/Content/Audio/SND_Soundtrack.uasset" 197
"../../../../../../Repros/LaFrans/Project/Content/UI/WG_InGame.uasset" 198
"../../../../../../Repros/LaFrans/Project/Content/UI/WG_IntroText.uasset" 199
"../../../../../../Repros/LaFrans/Project/Content/Player/BP_GameMode.uasset" 200
"../../../Engine/Content/Functions/Engine_MaterialFunctions02/Utility/MakeFloat2.uasset" 201
"../../../../../../Repros/LaFrans/Project/Content/Assets/Meshes/Window/T_StrangerDanger.uasset" 202
"../../../../../../Repros/LaFrans/Project/Content/Assets/Meshes/Window/MM_Window.uasset" 203
"../../../Engine/Content/BasicShapes/Plane.uasset" 204
"../../../../../../Repros/LaFrans/Project/Content/Assets/Meshes/Window/ENUM_WindowType.uasset" 205
"../../../../../../Repros/LaFrans/Project/Content/Assets/Meshes/Window/BP_Window.uasset" 206
"../../../../../../Repros/LaFrans/Project/Content/Assets/Meshes/Window/BP_SubWindow.uasset" 207
"../../../../../../Repros/LaFrans/Project/Content/Player/BP_BombPickup.uasset" 208
"../../../../../../Repros/LaFrans/Project/Content/Levels/LVL_GymTom_BuiltData.uasset" 209
"../../../Engine/Content/BasicShapes/BasicShapeMaterial.uasset" 210
"../../../../../../Repros/LaFrans/Project/Content/Assets/Textures/T_Background.uasset" 211
"../../../../../../Repros/LaFrans/Project/Content/Assets/Textures/MM_Background.uasset" 212
"../../../../../../Repros/LaFrans/Project/Content/Levels/LVL_GymTom.umap" 213
"../../../Engine/Content/Maps/Entry_BuiltData.uasset" 214
"../../../Engine/Content/Maps/Entry.umap" 215
